TN:
SF:src\Trabalho01Turma01.js
FN:2,(anonymous_0)
FN:12,(anonymous_1)
FN:19,(anonymous_2)
FN:20,(anonymous_3)
FN:23,(anonymous_4)
FN:24,(anonymous_5)
FN:27,(anonymous_6)
FN:28,(anonymous_7)
FN:34,(anonymous_8)
FN:39,(anonymous_9)
FN:43,(anonymous_10)
FN:50,(anonymous_11)
FN:51,(anonymous_12)
FN:52,(anonymous_13)
FN:55,(anonymous_14)
FN:56,(anonymous_15)
FN:59,(anonymous_16)
FN:60,(anonymous_17)
FN:63,(anonymous_18)
FN:64,(anonymous_19)
FN:65,(anonymous_20)
FN:68,(anonymous_21)
FN:76,(anonymous_22)
FN:79,(anonymous_23)
FN:83,(anonymous_24)
FN:84,(anonymous_25)
FN:85,(anonymous_26)
FN:88,(anonymous_27)
FN:89,(anonymous_28)
FN:90,(anonymous_29)
FN:93,(anonymous_30)
FN:100,(anonymous_31)
FN:101,(anonymous_32)
FN:104,(anonymous_33)
FN:105,(anonymous_34)
FN:108,(anonymous_35)
FN:109,(anonymous_36)
FN:114,(anonymous_37)
FN:121,(anonymous_38)
FN:122,(anonymous_39)
FN:123,(anonymous_40)
FN:126,(anonymous_41)
FN:127,(anonymous_42)
FN:128,(anonymous_43)
FNF:44
FNH:41
FNDA:23,(anonymous_0)
FNDA:26,(anonymous_1)
FNDA:1,(anonymous_2)
FNDA:1,(anonymous_3)
FNDA:5,(anonymous_4)
FNDA:5,(anonymous_5)
FNDA:1,(anonymous_6)
FNDA:1,(anonymous_7)
FNDA:6,(anonymous_8)
FNDA:1,(anonymous_9)
FNDA:2,(anonymous_10)
FNDA:1,(anonymous_11)
FNDA:1,(anonymous_12)
FNDA:1,(anonymous_13)
FNDA:1,(anonymous_14)
FNDA:1,(anonymous_15)
FNDA:1,(anonymous_16)
FNDA:1,(anonymous_17)
FNDA:1,(anonymous_18)
FNDA:1,(anonymous_19)
FNDA:1,(anonymous_20)
FNDA:0,(anonymous_21)
FNDA:0,(anonymous_22)
FNDA:0,(anonymous_23)
FNDA:1,(anonymous_24)
FNDA:1,(anonymous_25)
FNDA:1,(anonymous_26)
FNDA:1,(anonymous_27)
FNDA:1,(anonymous_28)
FNDA:1,(anonymous_29)
FNDA:1,(anonymous_30)
FNDA:1,(anonymous_31)
FNDA:1,(anonymous_32)
FNDA:1,(anonymous_33)
FNDA:1,(anonymous_34)
FNDA:1,(anonymous_35)
FNDA:2,(anonymous_36)
FNDA:2,(anonymous_37)
FNDA:1,(anonymous_38)
FNDA:1,(anonymous_39)
FNDA:1,(anonymous_40)
FNDA:1,(anonymous_41)
FNDA:1,(anonymous_42)
FNDA:1,(anonymous_43)
DA:3,23
DA:4,23
DA:5,23
DA:6,23
DA:7,23
DA:8,23
DA:9,23
DA:13,26
DA:14,1
DA:16,25
DA:20,1
DA:24,5
DA:28,1
DA:29,1
DA:30,1
DA:35,6
DA:36,6
DA:40,1
DA:44,2
DA:45,2
DA:46,2
DA:51,1
DA:52,1
DA:56,1
DA:60,1
DA:64,1
DA:65,1
DA:69,0
DA:70,0
DA:71,0
DA:72,0
DA:77,0
DA:78,0
DA:79,0
DA:84,1
DA:85,1
DA:89,1
DA:90,1
DA:94,1
DA:95,1
DA:96,1
DA:101,1
DA:105,1
DA:109,1
DA:110,2
DA:115,2
DA:116,2
DA:117,2
DA:122,1
DA:123,1
DA:127,1
DA:128,1
DA:132,1
LF:53
LH:46
BRDA:13,0,0,1
BRDA:13,0,1,25
BRDA:29,1,0,1
BRDA:29,1,1,0
BRDA:45,2,0,2
BRDA:45,2,1,0
BRDA:70,3,0,0
BRDA:70,3,1,0
BRDA:71,4,0,0
BRDA:71,4,1,0
BRDA:78,5,0,0
BRDA:78,5,1,0
BRDA:78,6,0,0
BRDA:78,6,1,0
BRDA:84,7,0,1
BRDA:84,7,1,1
BRDA:85,8,0,1
BRDA:85,8,1,1
BRDA:95,9,0,1
BRDA:95,9,1,0
BRDA:116,10,0,2
BRDA:116,10,1,0
BRF:22
BRH:10
end_of_record
